<?xml version="1.0" encoding="UTF-8"?>
<coverage generated="1528612610693" clover="3.2.0">
  <project timestamp="1528612610693" name="All files">
    <metrics statements="139" coveredstatements="139" conditionals="36" coveredconditionals="36" methods="55" coveredmethods="55" elements="230" coveredelements="230" complexity="0" loc="139" ncloc="139" packages="7" files="12" classes="12">
      <package name="match">
        <metrics statements="1" coveredstatements="1" conditionals="0" coveredconditionals="0" methods="0" coveredmethods="0"/>
        <file name="enzyme-setup.js" path="/home/pencil4life/match/enzyme-setup.js">
          <metrics statements="1" coveredstatements="1" conditionals="0" coveredconditionals="0" methods="0" coveredmethods="0"/>
          <line num="4" count="11" type="stmt"/>
        </file>
      </package>
      <package name="match.src.components">
        <metrics statements="32" coveredstatements="32" conditionals="0" coveredconditionals="0" methods="14" coveredmethods="14"/>
        <file name="app.functions.js" path="/home/pencil4life/match/src/components/app.functions.js">
          <metrics statements="14" coveredstatements="14" conditionals="0" coveredconditionals="0" methods="7" coveredmethods="7"/>
          <line num="5" count="2" type="stmt"/>
          <line num="7" count="9" type="stmt"/>
          <line num="9" count="243" type="stmt"/>
          <line num="10" count="57" type="stmt"/>
          <line num="11" count="57" type="stmt"/>
          <line num="13" count="57" type="stmt"/>
          <line num="17" count="1" type="stmt"/>
          <line num="19" count="57" type="stmt"/>
          <line num="22" count="1" type="stmt"/>
          <line num="26" count="304" type="stmt"/>
          <line num="27" count="9" type="stmt"/>
          <line num="28" count="9" type="stmt"/>
          <line num="31" count="2" type="stmt"/>
          <line num="32" count="2" type="stmt"/>
        </file>
        <file name="app.js" path="/home/pencil4life/match/src/components/app.js">
          <metrics statements="18" coveredstatements="18" conditionals="0" coveredconditionals="0" methods="7" coveredmethods="7"/>
          <line num="13" count="6" type="stmt"/>
          <line num="14" count="6" type="stmt"/>
          <line num="21" count="6" type="stmt"/>
          <line num="22" count="9" type="stmt"/>
          <line num="25" count="6" type="stmt"/>
          <line num="26" count="2" type="stmt"/>
          <line num="27" count="2" type="stmt"/>
          <line num="28" count="2" type="stmt"/>
          <line num="31" count="6" type="stmt"/>
          <line num="32" count="2" type="stmt"/>
          <line num="35" count="6" type="stmt"/>
          <line num="36" count="5" type="stmt"/>
          <line num="37" count="5" type="stmt"/>
          <line num="38" count="5" type="stmt"/>
          <line num="43" count="18" type="stmt"/>
          <line num="44" count="18" type="stmt"/>
          <line num="45" count="18" type="stmt"/>
          <line num="55" count="1" type="stmt"/>
        </file>
      </package>
      <package name="match.src.components.card">
        <metrics statements="40" coveredstatements="40" conditionals="26" coveredconditionals="26" methods="16" coveredmethods="16"/>
        <file name="card.component.js" path="/home/pencil4life/match/src/components/card/card.component.js">
          <metrics statements="25" coveredstatements="25" conditionals="12" coveredconditionals="12" methods="13" coveredmethods="13"/>
          <line num="10" count="107" type="stmt"/>
          <line num="11" count="107" type="stmt"/>
          <line num="16" count="107" type="stmt"/>
          <line num="18" count="107" type="stmt"/>
          <line num="20" count="107" type="stmt"/>
          <line num="21" count="106" type="stmt"/>
          <line num="24" count="107" type="cond" truecount="2" falsecount="0"/>
          <line num="28" count="107" type="stmt"/>
          <line num="32" count="237" type="cond" truecount="4" falsecount="0"/>
          <line num="33" count="2" type="stmt"/>
          <line num="34" count="2" type="stmt"/>
          <line num="35" count="2" type="stmt"/>
          <line num="37" count="237" type="cond" truecount="4" falsecount="0"/>
          <line num="38" count="2" type="stmt"/>
          <line num="39" count="2" type="stmt"/>
          <line num="40" count="2" type="stmt"/>
          <line num="45" count="5" type="stmt"/>
          <line num="50" count="346" type="stmt"/>
          <line num="51" count="346" type="stmt"/>
          <line num="52" count="346" type="stmt"/>
          <line num="60" count="3" type="stmt"/>
          <line num="65" count="1" type="stmt"/>
          <line num="66" count="1" type="stmt"/>
          <line num="67" count="1" type="stmt"/>
          <line num="68" count="1" type="stmt"/>
        </file>
        <file name="card.functions.js" path="/home/pencil4life/match/src/components/card/card.functions.js">
          <metrics statements="15" coveredstatements="15" conditionals="14" coveredconditionals="14" methods="3" coveredmethods="3"/>
          <line num="3" count="4" type="stmt"/>
          <line num="5" count="15" type="cond" truecount="4" falsecount="0"/>
          <line num="6" count="13" type="stmt"/>
          <line num="7" count="13" type="stmt"/>
          <line num="8" count="13" type="stmt"/>
          <line num="10" count="2" type="stmt"/>
          <line num="14" count="8" type="cond" truecount="2" falsecount="0"/>
          <line num="16" count="4" type="stmt"/>
          <line num="18" count="4" type="stmt"/>
          <line num="20" count="8" type="stmt"/>
          <line num="23" count="83" type="cond" truecount="6" falsecount="0"/>
          <line num="24" count="60" type="stmt"/>
          <line num="25" count="23" type="cond" truecount="2" falsecount="0"/>
          <line num="26" count="4" type="stmt"/>
          <line num="28" count="83" type="stmt"/>
        </file>
      </package>
      <package name="match.src.components.click-outside">
        <metrics statements="32" coveredstatements="32" conditionals="4" coveredconditionals="4" methods="11" coveredmethods="11"/>
        <file name="click-outside.component.js" path="/home/pencil4life/match/src/components/click-outside/click-outside.component.js">
          <metrics statements="17" coveredstatements="17" conditionals="0" coveredconditionals="0" methods="6" coveredmethods="6"/>
          <line num="10" count="18" type="stmt"/>
          <line num="11" count="18" type="stmt"/>
          <line num="15" count="18" type="stmt"/>
          <line num="16" count="82" type="stmt"/>
          <line num="19" count="18" type="stmt"/>
          <line num="20" count="105" type="stmt"/>
          <line num="21" count="105" type="stmt"/>
          <line num="22" count="105" type="stmt"/>
          <line num="25" count="18" type="stmt"/>
          <line num="26" count="5" type="stmt"/>
          <line num="27" count="5" type="stmt"/>
          <line num="28" count="5" type="stmt"/>
          <line num="33" count="50" type="stmt"/>
          <line num="34" count="50" type="stmt"/>
          <line num="35" count="50" type="stmt"/>
          <line num="39" count="50" type="stmt"/>
          <line num="49" count="4" type="stmt"/>
        </file>
        <file name="click-outside.context.js" path="/home/pencil4life/match/src/components/click-outside/click-outside.context.js">
          <metrics statements="3" coveredstatements="3" conditionals="0" coveredconditionals="0" methods="2" coveredmethods="2"/>
          <line num="2" count="5" type="stmt"/>
          <line num="3" count="1" type="stmt"/>
          <line num="4" count="1" type="stmt"/>
        </file>
        <file name="click-outside.functions.js" path="/home/pencil4life/match/src/components/click-outside/click-outside.functions.js">
          <metrics statements="12" coveredstatements="12" conditionals="4" coveredconditionals="4" methods="3" coveredmethods="3"/>
          <line num="3" count="232" type="stmt"/>
          <line num="5" count="5" type="stmt"/>
          <line num="8" count="108" type="stmt"/>
          <line num="9" count="108" type="cond" truecount="2" falsecount="0"/>
          <line num="10" count="2" type="stmt"/>
          <line num="12" count="108" type="stmt"/>
          <line num="13" count="108" type="stmt"/>
          <line num="16" count="9" type="stmt"/>
          <line num="17" count="9" type="cond" truecount="2" falsecount="0"/>
          <line num="18" count="2" type="stmt"/>
          <line num="20" count="7" type="stmt"/>
          <line num="22" count="9" type="stmt"/>
        </file>
      </package>
      <package name="match.src.components.header">
        <metrics statements="5" coveredstatements="5" conditionals="0" coveredconditionals="0" methods="4" coveredmethods="4"/>
        <file name="header.component.js" path="/home/pencil4life/match/src/components/header/header.component.js">
          <metrics statements="5" coveredstatements="5" conditionals="0" coveredconditionals="0" methods="4" coveredmethods="4"/>
          <line num="8" count="14" type="stmt"/>
          <line num="9" count="14" type="stmt"/>
          <line num="14" count="26" type="stmt"/>
          <line num="15" count="26" type="stmt"/>
          <line num="30" count="2" type="stmt"/>
        </file>
      </package>
      <package name="match.src.components.match">
        <metrics statements="28" coveredstatements="28" conditionals="6" coveredconditionals="6" methods="10" coveredmethods="10"/>
        <file name="match.component.js" path="/home/pencil4life/match/src/components/match/match.component.js">
          <metrics statements="18" coveredstatements="18" conditionals="0" coveredconditionals="0" methods="9" coveredmethods="9"/>
          <line num="11" count="12" type="stmt"/>
          <line num="12" count="12" type="stmt"/>
          <line num="15" count="12" type="stmt"/>
          <line num="16" count="9" type="stmt"/>
          <line num="18" count="12" type="stmt"/>
          <line num="19" count="4" type="stmt"/>
          <line num="20" count="4" type="stmt"/>
          <line num="21" count="4" type="stmt"/>
          <line num="26" count="12" type="stmt"/>
          <line num="27" count="12" type="stmt"/>
          <line num="31" count="31" type="stmt"/>
          <line num="32" count="31" type="stmt"/>
          <line num="34" count="31" type="stmt"/>
          <line num="35" count="195" type="stmt"/>
          <line num="37" count="320" type="stmt"/>
          <line num="47" count="320" type="stmt"/>
          <line num="53" count="31" type="stmt"/>
          <line num="63" count="2" type="stmt"/>
        </file>
        <file name="match.functions.js" path="/home/pencil4life/match/src/components/match/match.functions.js">
          <metrics statements="10" coveredstatements="10" conditionals="6" coveredconditionals="6" methods="1" coveredmethods="1"/>
          <line num="3" count="3" type="stmt"/>
          <line num="5" count="11" type="cond" truecount="2" falsecount="0"/>
          <line num="6" count="4" type="cond" truecount="4" falsecount="0"/>
          <line num="7" count="2" type="stmt"/>
          <line num="8" count="2" type="stmt"/>
          <line num="10" count="2" type="stmt"/>
          <line num="11" count="2" type="stmt"/>
          <line num="13" count="4" type="stmt"/>
          <line num="15" count="7" type="stmt"/>
          <line num="21" count="11" type="stmt"/>
        </file>
      </package>
      <package name="match.src.components.possiblematches">
        <metrics statements="1" coveredstatements="1" conditionals="0" coveredconditionals="0" methods="0" coveredmethods="0"/>
        <file name="possiblematches.js" path="/home/pencil4life/match/src/components/possiblematches/possiblematches.js">
          <metrics statements="1" coveredstatements="1" conditionals="0" coveredconditionals="0" methods="0" coveredmethods="0"/>
          <line num="1" count="2" type="stmt"/>
        </file>
      </package>
    </metrics>
  </project>
</coverage>
