{"/home/pencil4life/match/enzyme-setup.js": {"path":"/home/pencil4life/match/enzyme-setup.js","statementMap":{"0":{"start":{"line":4,"column":0},"end":{"line":4,"column":43}}},"fnMap":{},"branchMap":{},"s":{"0":11},"f":{},"b":{},"_coverageSchema":"332fd63041d2c1bcb487cc26dd0d5f7d97098a6c","hash":"401e5477c1bb4a3c7256021671bcad3e1f6bf2ab"}
,"/home/pencil4life/match/src/components/app.functions.js": {"path":"/home/pencil4life/match/src/components/app.functions.js","statementMap":{"0":{"start":{"line":5,"column":21},"end":{"line":34,"column":1}},"1":{"start":{"line":7,"column":16},"end":{"line":7,"column":18}},"2":{"start":{"line":9,"column":26},"end":{"line":24,"column":6}},"3":{"start":{"line":9,"column":53},"end":{"line":9,"column":71}},"4":{"start":{"line":10,"column":20},"end":{"line":10,"column":30}},"5":{"start":{"line":11,"column":20},"end":{"line":11,"column":30}},"6":{"start":{"line":13,"column":6},"end":{"line":18,"column":9}},"7":{"start":{"line":17,"column":43},"end":{"line":17,"column":72}},"8":{"start":{"line":19,"column":6},"end":{"line":23,"column":9}},"9":{"start":{"line":22,"column":43},"end":{"line":22,"column":72}},"10":{"start":{"line":26,"column":4},"end":{"line":26,"column":56}},"11":{"start":{"line":26,"column":36},"end":{"line":26,"column":54}},"12":{"start":{"line":27,"column":4},"end":{"line":27,"column":24}},"13":{"start":{"line":28,"column":4},"end":{"line":28,"column":19}},"14":{"start":{"line":31,"column":4},"end":{"line":31,"column":29}},"15":{"start":{"line":32,"column":4},"end":{"line":32,"column":19}}},"fnMap":{"0":{"name":"(anonymous_0)","decl":{"start":{"line":6,"column":14},"end":{"line":6,"column":15}},"loc":{"start":{"line":6,"column":65},"end":{"line":29,"column":3}},"line":6},"1":{"name":"(anonymous_1)","decl":{"start":{"line":9,"column":47},"end":{"line":9,"column":48}},"loc":{"start":{"line":9,"column":53},"end":{"line":9,"column":71}},"line":9},"2":{"name":"(anonymous_2)","decl":{"start":{"line":9,"column":97},"end":{"line":9,"column":98}},"loc":{"start":{"line":9,"column":116},"end":{"line":24,"column":5}},"line":9},"3":{"name":"(anonymous_3)","decl":{"start":{"line":17,"column":23},"end":{"line":17,"column":24}},"loc":{"start":{"line":17,"column":43},"end":{"line":17,"column":72}},"line":17},"4":{"name":"(anonymous_4)","decl":{"start":{"line":22,"column":23},"end":{"line":22,"column":24}},"loc":{"start":{"line":22,"column":43},"end":{"line":22,"column":72}},"line":22},"5":{"name":"(anonymous_5)","decl":{"start":{"line":26,"column":30},"end":{"line":26,"column":31}},"loc":{"start":{"line":26,"column":36},"end":{"line":26,"column":54}},"line":26},"6":{"name":"(anonymous_6)","decl":{"start":{"line":30,"column":12},"end":{"line":30,"column":13}},"loc":{"start":{"line":30,"column":33},"end":{"line":33,"column":3}},"line":30}},"branchMap":{},"s":{"0":2,"1":9,"2":9,"3":243,"4":57,"5":57,"6":57,"7":1,"8":57,"9":1,"10":9,"11":304,"12":9,"13":9,"14":2,"15":2},"f":{"0":9,"1":243,"2":57,"3":1,"4":1,"5":304,"6":2},"b":{},"_coverageSchema":"332fd63041d2c1bcb487cc26dd0d5f7d97098a6c","hash":"d8acc3b68d1b47a88b2b25702eae22211ba8501e"}
,"/home/pencil4life/match/src/components/app.js": {"path":"/home/pencil4life/match/src/components/app.js","statementMap":{"0":{"start":{"line":13,"column":4},"end":{"line":13,"column":17}},"1":{"start":{"line":14,"column":4},"end":{"line":19,"column":6}},"2":{"start":{"line":21,"column":4},"end":{"line":23,"column":6}},"3":{"start":{"line":22,"column":6},"end":{"line":22,"column":126}},"4":{"start":{"line":25,"column":4},"end":{"line":29,"column":5}},"5":{"start":{"line":26,"column":21},"end":{"line":26,"column":31}},"6":{"start":{"line":27,"column":6},"end":{"line":27,"column":44}},"7":{"start":{"line":28,"column":6},"end":{"line":28,"column":28}},"8":{"start":{"line":31,"column":4},"end":{"line":33,"column":6}},"9":{"start":{"line":32,"column":6},"end":{"line":32,"column":75}},"10":{"start":{"line":35,"column":4},"end":{"line":39,"column":5}},"11":{"start":{"line":36,"column":21},"end":{"line":36,"column":31}},"12":{"start":{"line":37,"column":6},"end":{"line":37,"column":37}},"13":{"start":{"line":38,"column":6},"end":{"line":38,"column":28}},"14":{"start":{"line":43,"column":56},"end":{"line":43,"column":60}},"15":{"start":{"line":44,"column":31},"end":{"line":44,"column":41}},"16":{"start":{"line":45,"column":4},"end":{"line":52,"column":6}},"17":{"start":{"line":55,"column":0},"end":{"line":57,"column":2}}},"fnMap":{"0":{"name":"(anonymous_0)","decl":{"start":{"line":12,"column":2},"end":{"line":12,"column":3}},"loc":{"start":{"line":12,"column":21},"end":{"line":40,"column":3}},"line":12},"1":{"name":"(anonymous_1)","decl":{"start":{"line":18,"column":18},"end":{"line":18,"column":19}},"loc":{"start":{"line":18,"column":24},"end":{"line":18,"column":26}},"line":18},"2":{"name":"(anonymous_2)","decl":{"start":{"line":21,"column":19},"end":{"line":21,"column":20}},"loc":{"start":{"line":21,"column":28},"end":{"line":23,"column":5}},"line":21},"3":{"name":"(anonymous_3)","decl":{"start":{"line":25,"column":26},"end":{"line":25,"column":27}},"loc":{"start":{"line":25,"column":46},"end":{"line":29,"column":5}},"line":25},"4":{"name":"(anonymous_4)","decl":{"start":{"line":31,"column":20},"end":{"line":31,"column":21}},"loc":{"start":{"line":31,"column":29},"end":{"line":33,"column":5}},"line":31},"5":{"name":"(anonymous_5)","decl":{"start":{"line":35,"column":22},"end":{"line":35,"column":23}},"loc":{"start":{"line":35,"column":36},"end":{"line":39,"column":5}},"line":35},"6":{"name":"(anonymous_6)","decl":{"start":{"line":42,"column":2},"end":{"line":42,"column":3}},"loc":{"start":{"line":42,"column":11},"end":{"line":53,"column":3}},"line":42}},"branchMap":{},"s":{"0":6,"1":6,"2":6,"3":9,"4":6,"5":2,"6":2,"7":2,"8":6,"9":2,"10":6,"11":5,"12":5,"13":5,"14":18,"15":18,"16":18,"17":1},"f":{"0":6,"1":5,"2":9,"3":2,"4":2,"5":5,"6":18},"b":{},"_coverageSchema":"332fd63041d2c1bcb487cc26dd0d5f7d97098a6c","hash":"e3d18fc0124ee1dc304e258a025472ef4d72603c"}
,"/home/pencil4life/match/src/components/card/card.component.js": {"path":"/home/pencil4life/match/src/components/card/card.component.js","statementMap":{"0":{"start":{"line":10,"column":8},"end":{"line":10,"column":21}},"1":{"start":{"line":11,"column":8},"end":{"line":14,"column":10}},"2":{"start":{"line":16,"column":5},"end":{"line":16,"column":174}},"3":{"start":{"line":16,"column":30},"end":{"line":16,"column":173}},"4":{"start":{"line":18,"column":5},"end":{"line":18,"column":114}},"5":{"start":{"line":18,"column":39},"end":{"line":18,"column":113}},"6":{"start":{"line":20,"column":5},"end":{"line":22,"column":4}},"7":{"start":{"line":21,"column":3},"end":{"line":21,"column":26}},"8":{"start":{"line":24,"column":5},"end":{"line":24,"column":173}},"9":{"start":{"line":24,"column":42},"end":{"line":24,"column":172}},"10":{"start":{"line":28,"column":2},"end":{"line":28,"column":85}},"11":{"start":{"line":32,"column":2},"end":{"line":36,"column":3}},"12":{"start":{"line":33,"column":18},"end":{"line":33,"column":28}},"13":{"start":{"line":34,"column":3},"end":{"line":34,"column":37}},"14":{"start":{"line":35,"column":3},"end":{"line":35,"column":25}},"15":{"start":{"line":37,"column":2},"end":{"line":41,"column":3}},"16":{"start":{"line":38,"column":18},"end":{"line":38,"column":28}},"17":{"start":{"line":39,"column":3},"end":{"line":39,"column":29}},"18":{"start":{"line":40,"column":3},"end":{"line":40,"column":25}},"19":{"start":{"line":45,"column":2},"end":{"line":45,"column":63}},"20":{"start":{"line":50,"column":26},"end":{"line":50,"column":30}},"21":{"start":{"line":51,"column":24},"end":{"line":51,"column":34}},"22":{"start":{"line":52,"column":2},"end":{"line":56,"column":4}},"23":{"start":{"line":60,"column":0},"end":{"line":72,"column":2}},"24":{"start":{"line":65,"column":23},"end":{"line":65,"column":76}},"25":{"start":{"line":66,"column":20},"end":{"line":66,"column":70}},"26":{"start":{"line":67,"column":38},"end":{"line":67,"column":106}},"27":{"start":{"line":68,"column":41},"end":{"line":68,"column":112}}},"fnMap":{"0":{"name":"(anonymous_0)","decl":{"start":{"line":9,"column":4},"end":{"line":9,"column":5}},"loc":{"start":{"line":9,"column":23},"end":{"line":25,"column":5}},"line":9},"1":{"name":"(anonymous_1)","decl":{"start":{"line":16,"column":24},"end":{"line":16,"column":25}},"loc":{"start":{"line":16,"column":30},"end":{"line":16,"column":173}},"line":16},"2":{"name":"(anonymous_2)","decl":{"start":{"line":18,"column":29},"end":{"line":18,"column":30}},"loc":{"start":{"line":18,"column":39},"end":{"line":18,"column":113}},"line":18},"3":{"name":"(anonymous_3)","decl":{"start":{"line":20,"column":26},"end":{"line":20,"column":27}},"loc":{"start":{"line":20,"column":36},"end":{"line":22,"column":3}},"line":20},"4":{"name":"(anonymous_4)","decl":{"start":{"line":24,"column":31},"end":{"line":24,"column":32}},"loc":{"start":{"line":24,"column":42},"end":{"line":24,"column":172}},"line":24},"5":{"name":"(anonymous_5)","decl":{"start":{"line":27,"column":1},"end":{"line":27,"column":2}},"loc":{"start":{"line":27,"column":21},"end":{"line":29,"column":2}},"line":27},"6":{"name":"(anonymous_6)","decl":{"start":{"line":31,"column":1},"end":{"line":31,"column":2}},"loc":{"start":{"line":31,"column":22},"end":{"line":42,"column":2}},"line":31},"7":{"name":"(anonymous_7)","decl":{"start":{"line":44,"column":1},"end":{"line":44,"column":2}},"loc":{"start":{"line":44,"column":24},"end":{"line":46,"column":2}},"line":44},"8":{"name":"(anonymous_8)","decl":{"start":{"line":49,"column":1},"end":{"line":49,"column":2}},"loc":{"start":{"line":49,"column":10},"end":{"line":57,"column":2}},"line":49},"9":{"name":"(anonymous_9)","decl":{"start":{"line":65,"column":16},"end":{"line":65,"column":17}},"loc":{"start":{"line":65,"column":22},"end":{"line":65,"column":77}},"line":65},"10":{"name":"(anonymous_10)","decl":{"start":{"line":66,"column":13},"end":{"line":66,"column":14}},"loc":{"start":{"line":66,"column":19},"end":{"line":66,"column":71}},"line":66},"11":{"name":"(anonymous_11)","decl":{"start":{"line":67,"column":31},"end":{"line":67,"column":32}},"loc":{"start":{"line":67,"column":37},"end":{"line":67,"column":107}},"line":67},"12":{"name":"(anonymous_12)","decl":{"start":{"line":68,"column":34},"end":{"line":68,"column":35}},"loc":{"start":{"line":68,"column":40},"end":{"line":68,"column":113}},"line":68}},"branchMap":{"0":{"loc":{"start":{"line":24,"column":111},"end":{"line":24,"column":169}},"type":"binary-expr","locations":[{"start":{"line":24,"column":111},"end":{"line":24,"column":126}},{"start":{"line":24,"column":130},"end":{"line":24,"column":169}}],"line":24},"1":{"loc":{"start":{"line":32,"column":2},"end":{"line":36,"column":3}},"type":"if","locations":[{"start":{"line":32,"column":2},"end":{"line":36,"column":3}},{"start":{"line":32,"column":2},"end":{"line":36,"column":3}}],"line":32},"2":{"loc":{"start":{"line":32,"column":6},"end":{"line":32,"column":67}},"type":"binary-expr","locations":[{"start":{"line":32,"column":6},"end":{"line":32,"column":24}},{"start":{"line":32,"column":28},"end":{"line":32,"column":67}}],"line":32},"3":{"loc":{"start":{"line":37,"column":2},"end":{"line":41,"column":3}},"type":"if","locations":[{"start":{"line":37,"column":2},"end":{"line":41,"column":3}},{"start":{"line":37,"column":2},"end":{"line":41,"column":3}}],"line":37},"4":{"loc":{"start":{"line":37,"column":6},"end":{"line":37,"column":67}},"type":"binary-expr","locations":[{"start":{"line":37,"column":6},"end":{"line":37,"column":25}},{"start":{"line":37,"column":29},"end":{"line":37,"column":67}}],"line":37},"5":{"loc":{"start":{"line":54,"column":10},"end":{"line":54,"column":54}},"type":"cond-expr","locations":[{"start":{"line":54,"column":33},"end":{"line":54,"column":49}},{"start":{"line":54,"column":52},"end":{"line":54,"column":54}}],"line":54}},"s":{"0":107,"1":107,"2":107,"3":16,"4":107,"5":5,"6":107,"7":106,"8":107,"9":80,"10":107,"11":237,"12":2,"13":2,"14":2,"15":237,"16":2,"17":2,"18":2,"19":5,"20":346,"21":346,"22":346,"23":3,"24":1,"25":1,"26":1,"27":1},"f":{"0":107,"1":16,"2":5,"3":106,"4":80,"5":107,"6":237,"7":5,"8":346,"9":1,"10":1,"11":1,"12":1},"b":{"0":[80,80],"1":[2,235],"2":[237,4],"3":[2,235],"4":[237,233],"5":[24,322]},"_coverageSchema":"332fd63041d2c1bcb487cc26dd0d5f7d97098a6c","hash":"c216ed72a0b373f104046f27124cd744030d086c"}
,"/home/pencil4life/match/src/components/card/card.functions.js": {"path":"/home/pencil4life/match/src/components/card/card.functions.js","statementMap":{"0":{"start":{"line":3,"column":22},"end":{"line":30,"column":1}},"1":{"start":{"line":5,"column":2},"end":{"line":11,"column":3}},"2":{"start":{"line":6,"column":3},"end":{"line":6,"column":43}},"3":{"start":{"line":7,"column":3},"end":{"line":7,"column":46}},"4":{"start":{"line":8,"column":3},"end":{"line":8,"column":16}},"5":{"start":{"line":10,"column":3},"end":{"line":10,"column":16}},"6":{"start":{"line":14,"column":2},"end":{"line":19,"column":3}},"7":{"start":{"line":16,"column":3},"end":{"line":16,"column":42}},"8":{"start":{"line":18,"column":4},"end":{"line":18,"column":38}},"9":{"start":{"line":20,"column":2},"end":{"line":20,"column":15}},"10":{"start":{"line":23,"column":2},"end":{"line":27,"column":3}},"11":{"start":{"line":24,"column":3},"end":{"line":24,"column":28}},"12":{"start":{"line":25,"column":9},"end":{"line":27,"column":3}},"13":{"start":{"line":26,"column":3},"end":{"line":26,"column":40}},"14":{"start":{"line":28,"column":2},"end":{"line":28,"column":15}}},"fnMap":{"0":{"name":"(anonymous_0)","decl":{"start":{"line":4,"column":14},"end":{"line":4,"column":15}},"loc":{"start":{"line":4,"column":76},"end":{"line":12,"column":2}},"line":4},"1":{"name":"(anonymous_1)","decl":{"start":{"line":13,"column":19},"end":{"line":13,"column":20}},"loc":{"start":{"line":13,"column":45},"end":{"line":21,"column":2}},"line":13},"2":{"name":"(anonymous_2)","decl":{"start":{"line":22,"column":21},"end":{"line":22,"column":22}},"loc":{"start":{"line":22,"column":48},"end":{"line":29,"column":2}},"line":22}},"branchMap":{"0":{"loc":{"start":{"line":5,"column":2},"end":{"line":11,"column":3}},"type":"if","locations":[{"start":{"line":5,"column":2},"end":{"line":11,"column":3}},{"start":{"line":5,"column":2},"end":{"line":11,"column":3}}],"line":5},"1":{"loc":{"start":{"line":5,"column":6},"end":{"line":5,"column":65}},"type":"binary-expr","locations":[{"start":{"line":5,"column":6},"end":{"line":5,"column":20}},{"start":{"line":5,"column":24},"end":{"line":5,"column":65}}],"line":5},"2":{"loc":{"start":{"line":14,"column":2},"end":{"line":19,"column":3}},"type":"if","locations":[{"start":{"line":14,"column":2},"end":{"line":19,"column":3}},{"start":{"line":14,"column":2},"end":{"line":19,"column":3}}],"line":14},"3":{"loc":{"start":{"line":23,"column":2},"end":{"line":27,"column":3}},"type":"if","locations":[{"start":{"line":23,"column":2},"end":{"line":27,"column":3}},{"start":{"line":23,"column":2},"end":{"line":27,"column":3}}],"line":23},"4":{"loc":{"start":{"line":23,"column":6},"end":{"line":23,"column":115}},"type":"binary-expr","locations":[{"start":{"line":23,"column":6},"end":{"line":23,"column":13}},{"start":{"line":23,"column":17},"end":{"line":23,"column":31}},{"start":{"line":23,"column":35},"end":{"line":23,"column":70}},{"start":{"line":23,"column":74},"end":{"line":23,"column":115}}],"line":23},"5":{"loc":{"start":{"line":25,"column":9},"end":{"line":27,"column":3}},"type":"if","locations":[{"start":{"line":25,"column":9},"end":{"line":27,"column":3}},{"start":{"line":25,"column":9},"end":{"line":27,"column":3}}],"line":25}},"s":{"0":4,"1":15,"2":13,"3":13,"4":13,"5":2,"6":8,"7":4,"8":4,"9":8,"10":83,"11":60,"12":23,"13":4,"14":83},"f":{"0":15,"1":8,"2":83},"b":{"0":[13,2],"1":[15,15],"2":[4,4],"3":[60,23],"4":[83,68,66,64],"5":[4,19]},"_coverageSchema":"332fd63041d2c1bcb487cc26dd0d5f7d97098a6c","hash":"0f19eedb71356e1a80680b0d72360486d224610f"}
,"/home/pencil4life/match/src/components/click-outside/click-outside.component.js": {"path":"/home/pencil4life/match/src/components/click-outside/click-outside.component.js","statementMap":{"0":{"start":{"line":10,"column":8},"end":{"line":10,"column":21}},"1":{"start":{"line":11,"column":8},"end":{"line":13,"column":10}},"2":{"start":{"line":15,"column":8},"end":{"line":17,"column":10}},"3":{"start":{"line":16,"column":9},"end":{"line":16,"column":107}},"4":{"start":{"line":16,"column":89},"end":{"line":16,"column":104}},"5":{"start":{"line":19,"column":2},"end":{"line":23,"column":4}},"6":{"start":{"line":20,"column":19},"end":{"line":20,"column":95}},"7":{"start":{"line":21,"column":3},"end":{"line":21,"column":33}},"8":{"start":{"line":22,"column":3},"end":{"line":22,"column":24}},"9":{"start":{"line":25,"column":2},"end":{"line":29,"column":4}},"10":{"start":{"line":26,"column":19},"end":{"line":26,"column":84}},"11":{"start":{"line":27,"column":3},"end":{"line":27,"column":32}},"12":{"start":{"line":28,"column":3},"end":{"line":28,"column":26}},"13":{"start":{"line":33,"column":89},"end":{"line":33,"column":93}},"14":{"start":{"line":34,"column":24},"end":{"line":34,"column":34}},"15":{"start":{"line":35,"column":18},"end":{"line":38,"column":3}},"16":{"start":{"line":39,"column":2},"end":{"line":45,"column":4}},"17":{"start":{"line":49,"column":0},"end":{"line":52,"column":2}}},"fnMap":{"0":{"name":"(anonymous_0)","decl":{"start":{"line":9,"column":4},"end":{"line":9,"column":5}},"loc":{"start":{"line":9,"column":23},"end":{"line":30,"column":5}},"line":9},"1":{"name":"(anonymous_1)","decl":{"start":{"line":15,"column":27},"end":{"line":15,"column":28}},"loc":{"start":{"line":15,"column":36},"end":{"line":17,"column":9}},"line":15},"2":{"name":"(anonymous_2)","decl":{"start":{"line":16,"column":76},"end":{"line":16,"column":77}},"loc":{"start":{"line":16,"column":88},"end":{"line":16,"column":105}},"line":16},"3":{"name":"(anonymous_3)","decl":{"start":{"line":19,"column":38},"end":{"line":19,"column":39}},"loc":{"start":{"line":19,"column":67},"end":{"line":23,"column":3}},"line":19},"4":{"name":"(anonymous_4)","decl":{"start":{"line":25,"column":41},"end":{"line":25,"column":42}},"loc":{"start":{"line":25,"column":56},"end":{"line":29,"column":3}},"line":25},"5":{"name":"(anonymous_5)","decl":{"start":{"line":32,"column":1},"end":{"line":32,"column":2}},"loc":{"start":{"line":32,"column":10},"end":{"line":46,"column":2}},"line":32}},"branchMap":{},"s":{"0":18,"1":18,"2":18,"3":22,"4":82,"5":18,"6":105,"7":105,"8":105,"9":18,"10":5,"11":5,"12":5,"13":50,"14":50,"15":50,"16":50,"17":4},"f":{"0":18,"1":22,"2":82,"3":105,"4":5,"5":50},"b":{},"_coverageSchema":"332fd63041d2c1bcb487cc26dd0d5f7d97098a6c","hash":"2db00df8f494a1c3dd99d174db221db1a42e236b"}
,"/home/pencil4life/match/src/components/click-outside/click-outside.context.js": {"path":"/home/pencil4life/match/src/components/click-outside/click-outside.context.js","statementMap":{"0":{"start":{"line":2,"column":35},"end":{"line":5,"column":2}},"1":{"start":{"line":3,"column":38},"end":{"line":3,"column":150}},"2":{"start":{"line":4,"column":41},"end":{"line":4,"column":156}}},"fnMap":{"0":{"name":"(anonymous_0)","decl":{"start":{"line":3,"column":31},"end":{"line":3,"column":32}},"loc":{"start":{"line":3,"column":37},"end":{"line":3,"column":151}},"line":3},"1":{"name":"(anonymous_1)","decl":{"start":{"line":4,"column":34},"end":{"line":4,"column":35}},"loc":{"start":{"line":4,"column":40},"end":{"line":4,"column":157}},"line":4}},"branchMap":{},"s":{"0":5,"1":1,"2":1},"f":{"0":1,"1":1},"b":{},"_coverageSchema":"332fd63041d2c1bcb487cc26dd0d5f7d97098a6c","hash":"a5f67c1e1f48b80da038a997fe722835644408b7"}
,"/home/pencil4life/match/src/components/click-outside/click-outside.functions.js": {"path":"/home/pencil4life/match/src/components/click-outside/click-outside.functions.js","statementMap":{"0":{"start":{"line":3,"column":25},"end":{"line":3,"column":57}},"1":{"start":{"line":3,"column":34},"end":{"line":3,"column":57}},"2":{"start":{"line":5,"column":30},"end":{"line":24,"column":1}},"3":{"start":{"line":8,"column":14},"end":{"line":8,"column":18}},"4":{"start":{"line":9,"column":2},"end":{"line":11,"column":3}},"5":{"start":{"line":10,"column":3},"end":{"line":10,"column":17}},"6":{"start":{"line":12,"column":2},"end":{"line":12,"column":83}},"7":{"start":{"line":13,"column":2},"end":{"line":13,"column":40}},"8":{"start":{"line":16,"column":16},"end":{"line":16,"column":20}},"9":{"start":{"line":17,"column":2},"end":{"line":21,"column":3}},"10":{"start":{"line":18,"column":3},"end":{"line":18,"column":19}},"11":{"start":{"line":20,"column":3},"end":{"line":20,"column":70}},"12":{"start":{"line":22,"column":2},"end":{"line":22,"column":44}}},"fnMap":{"0":{"name":"(anonymous_0)","decl":{"start":{"line":3,"column":25},"end":{"line":3,"column":26}},"loc":{"start":{"line":3,"column":34},"end":{"line":3,"column":57}},"line":3},"1":{"name":"(anonymous_1)","decl":{"start":{"line":7,"column":31},"end":{"line":7,"column":32}},"loc":{"start":{"line":7,"column":68},"end":{"line":14,"column":2}},"line":7},"2":{"name":"(anonymous_2)","decl":{"start":{"line":15,"column":34},"end":{"line":15,"column":35}},"loc":{"start":{"line":15,"column":57},"end":{"line":23,"column":2}},"line":15}},"branchMap":{"0":{"loc":{"start":{"line":9,"column":2},"end":{"line":11,"column":3}},"type":"if","locations":[{"start":{"line":9,"column":2},"end":{"line":11,"column":3}},{"start":{"line":9,"column":2},"end":{"line":11,"column":3}}],"line":9},"1":{"loc":{"start":{"line":17,"column":2},"end":{"line":21,"column":3}},"type":"if","locations":[{"start":{"line":17,"column":2},"end":{"line":21,"column":3}},{"start":{"line":17,"column":2},"end":{"line":21,"column":3}}],"line":17}},"s":{"0":5,"1":232,"2":5,"3":108,"4":108,"5":2,"6":108,"7":108,"8":9,"9":9,"10":2,"11":7,"12":9},"f":{"0":232,"1":108,"2":9},"b":{"0":[2,106],"1":[2,7]},"_coverageSchema":"332fd63041d2c1bcb487cc26dd0d5f7d97098a6c","hash":"bb78b256438bb0431121e02d6a82c62d8ac1cfa1"}
,"/home/pencil4life/match/src/components/header/header.component.js": {"path":"/home/pencil4life/match/src/components/header/header.component.js","statementMap":{"0":{"start":{"line":8,"column":8},"end":{"line":8,"column":21}},"1":{"start":{"line":9,"column":8},"end":{"line":10,"column":10}},"2":{"start":{"line":14,"column":41},"end":{"line":14,"column":51}},"3":{"start":{"line":15,"column":2},"end":{"line":26,"column":4}},"4":{"start":{"line":30,"column":0},"end":{"line":34,"column":2}}},"fnMap":{"0":{"name":"(anonymous_0)","decl":{"start":{"line":7,"column":4},"end":{"line":7,"column":5}},"loc":{"start":{"line":7,"column":23},"end":{"line":11,"column":5}},"line":7},"1":{"name":"(anonymous_1)","decl":{"start":{"line":13,"column":1},"end":{"line":13,"column":2}},"loc":{"start":{"line":13,"column":10},"end":{"line":27,"column":2}},"line":13},"2":{"name":"(anonymous_2)","decl":{"start":{"line":31,"column":10},"end":{"line":31,"column":11}},"loc":{"start":{"line":31,"column":16},"end":{"line":31,"column":18}},"line":31},"3":{"name":"(anonymous_3)","decl":{"start":{"line":32,"column":11},"end":{"line":32,"column":12}},"loc":{"start":{"line":32,"column":17},"end":{"line":32,"column":19}},"line":32}},"branchMap":{},"s":{"0":14,"1":14,"2":26,"3":26,"4":2},"f":{"0":14,"1":26,"2":1,"3":1},"b":{},"_coverageSchema":"332fd63041d2c1bcb487cc26dd0d5f7d97098a6c","hash":"31e6f41ae64b0442a90c82a433392debf2de5642"}
,"/home/pencil4life/match/src/components/match/match.component.js": {"path":"/home/pencil4life/match/src/components/match/match.component.js","statementMap":{"0":{"start":{"line":11,"column":5},"end":{"line":11,"column":18}},"1":{"start":{"line":12,"column":8},"end":{"line":14,"column":10}},"2":{"start":{"line":15,"column":8},"end":{"line":17,"column":10}},"3":{"start":{"line":16,"column":12},"end":{"line":16,"column":85}},"4":{"start":{"line":18,"column":8},"end":{"line":22,"column":10}},"5":{"start":{"line":19,"column":22},"end":{"line":19,"column":32}},"6":{"start":{"line":20,"column":9},"end":{"line":20,"column":29}},"7":{"start":{"line":21,"column":9},"end":{"line":21,"column":31}},"8":{"start":{"line":26,"column":5},"end":{"line":26,"column":26}},"9":{"start":{"line":27,"column":5},"end":{"line":27,"column":44}},"10":{"start":{"line":31,"column":25},"end":{"line":31,"column":29}},"11":{"start":{"line":32,"column":20},"end":{"line":32,"column":30}},"12":{"start":{"line":34,"column":17},"end":{"line":52,"column":3}},"13":{"start":{"line":35,"column":3},"end":{"line":51,"column":34}},"14":{"start":{"line":37,"column":20},"end":{"line":46,"column":6}},"15":{"start":{"line":47,"column":5},"end":{"line":49,"column":7}},"16":{"start":{"line":53,"column":2},"end":{"line":59,"column":4}},"17":{"start":{"line":63,"column":0},"end":{"line":68,"column":2}}},"fnMap":{"0":{"name":"(anonymous_0)","decl":{"start":{"line":10,"column":3},"end":{"line":10,"column":4}},"loc":{"start":{"line":10,"column":22},"end":{"line":23,"column":5}},"line":10},"1":{"name":"(anonymous_1)","decl":{"start":{"line":15,"column":26},"end":{"line":15,"column":27}},"loc":{"start":{"line":15,"column":54},"end":{"line":17,"column":9}},"line":15},"2":{"name":"(anonymous_2)","decl":{"start":{"line":18,"column":26},"end":{"line":18,"column":27}},"loc":{"start":{"line":18,"column":32},"end":{"line":22,"column":9}},"line":18},"3":{"name":"(anonymous_3)","decl":{"start":{"line":25,"column":4},"end":{"line":25,"column":5}},"loc":{"start":{"line":25,"column":24},"end":{"line":28,"column":5}},"line":25},"4":{"name":"(anonymous_4)","decl":{"start":{"line":30,"column":1},"end":{"line":30,"column":2}},"loc":{"start":{"line":30,"column":10},"end":{"line":60,"column":2}},"line":30},"5":{"name":"(anonymous_5)","decl":{"start":{"line":34,"column":27},"end":{"line":34,"column":28}},"loc":{"start":{"line":35,"column":3},"end":{"line":51,"column":34}},"line":35},"6":{"name":"(anonymous_6)","decl":{"start":{"line":36,"column":5},"end":{"line":36,"column":6}},"loc":{"start":{"line":36,"column":16},"end":{"line":50,"column":5}},"line":36},"7":{"name":"(anonymous_7)","decl":{"start":{"line":65,"column":10},"end":{"line":65,"column":11}},"loc":{"start":{"line":65,"column":16},"end":{"line":65,"column":18}},"line":65},"8":{"name":"(anonymous_8)","decl":{"start":{"line":67,"column":13},"end":{"line":67,"column":14}},"loc":{"start":{"line":67,"column":19},"end":{"line":67,"column":21}},"line":67}},"branchMap":{},"s":{"0":12,"1":12,"2":12,"3":9,"4":12,"5":4,"6":4,"7":4,"8":12,"9":12,"10":31,"11":31,"12":31,"13":195,"14":320,"15":320,"16":31,"17":2},"f":{"0":12,"1":9,"2":4,"3":12,"4":31,"5":195,"6":320,"7":1,"8":7},"b":{},"_coverageSchema":"332fd63041d2c1bcb487cc26dd0d5f7d97098a6c","hash":"69f05a2f463becee5db08da58c603a3aebee83bc"}
,"/home/pencil4life/match/src/components/match/match.functions.js": {"path":"/home/pencil4life/match/src/components/match/match.functions.js","statementMap":{"0":{"start":{"line":3,"column":23},"end":{"line":23,"column":1}},"1":{"start":{"line":5,"column":8},"end":{"line":20,"column":9}},"2":{"start":{"line":6,"column":12},"end":{"line":12,"column":13}},"3":{"start":{"line":7,"column":16},"end":{"line":7,"column":44}},"4":{"start":{"line":8,"column":16},"end":{"line":8,"column":31}},"5":{"start":{"line":10,"column":16},"end":{"line":10,"column":45}},"6":{"start":{"line":11,"column":16},"end":{"line":11,"column":32}},"7":{"start":{"line":13,"column":12},"end":{"line":13,"column":32}},"8":{"start":{"line":15,"column":12},"end":{"line":19,"column":14}},"9":{"start":{"line":21,"column":8},"end":{"line":21,"column":22}}},"fnMap":{"0":{"name":"(anonymous_0)","decl":{"start":{"line":4,"column":16},"end":{"line":4,"column":17}},"loc":{"start":{"line":4,"column":52},"end":{"line":22,"column":5}},"line":4}},"branchMap":{"0":{"loc":{"start":{"line":5,"column":8},"end":{"line":20,"column":9}},"type":"if","locations":[{"start":{"line":5,"column":8},"end":{"line":20,"column":9}},{"start":{"line":5,"column":8},"end":{"line":20,"column":9}}],"line":5},"1":{"loc":{"start":{"line":6,"column":12},"end":{"line":12,"column":13}},"type":"if","locations":[{"start":{"line":6,"column":12},"end":{"line":12,"column":13}},{"start":{"line":6,"column":12},"end":{"line":12,"column":13}}],"line":6},"2":{"loc":{"start":{"line":6,"column":16},"end":{"line":6,"column":76}},"type":"binary-expr","locations":[{"start":{"line":6,"column":16},"end":{"line":6,"column":44}},{"start":{"line":6,"column":48},"end":{"line":6,"column":76}}],"line":6}},"s":{"0":3,"1":11,"2":4,"3":2,"4":2,"5":2,"6":2,"7":4,"8":7,"9":11},"f":{"0":11},"b":{"0":[4,7],"1":[2,2],"2":[4,2]},"_coverageSchema":"332fd63041d2c1bcb487cc26dd0d5f7d97098a6c","hash":"20ddc2b094a88ae3588805d54216a1006b4052d8"}
,"/home/pencil4life/match/src/components/possiblematches/possiblematches.js": {"path":"/home/pencil4life/match/src/components/possiblematches/possiblematches.js","statementMap":{"0":{"start":{"line":1,"column":24},"end":{"line":106,"column":1}}},"fnMap":{},"branchMap":{},"s":{"0":2},"f":{},"b":{},"_coverageSchema":"332fd63041d2c1bcb487cc26dd0d5f7d97098a6c","hash":"8e3d26be9134a210ef3c350cb8c25b3fca14825d"}
}
