TN:
SF:/home/pencil4life/match/enzyme-setup.js
FNF:0
FNH:0
DA:4,11
LF:1
LH:1
BRF:0
BRH:0
end_of_record
TN:
SF:/home/pencil4life/match/src/components/app.functions.js
FN:6,(anonymous_0)
FN:9,(anonymous_1)
FN:9,(anonymous_2)
FN:17,(anonymous_3)
FN:22,(anonymous_4)
FN:26,(anonymous_5)
FN:30,(anonymous_6)
FNF:7
FNH:7
FNDA:9,(anonymous_0)
FNDA:243,(anonymous_1)
FNDA:57,(anonymous_2)
FNDA:1,(anonymous_3)
FNDA:1,(anonymous_4)
FNDA:304,(anonymous_5)
FNDA:2,(anonymous_6)
DA:5,2
DA:7,9
DA:9,243
DA:10,57
DA:11,57
DA:13,57
DA:17,1
DA:19,57
DA:22,1
DA:26,304
DA:27,9
DA:28,9
DA:31,2
DA:32,2
LF:14
LH:14
BRF:0
BRH:0
end_of_record
TN:
SF:/home/pencil4life/match/src/components/app.js
FN:12,(anonymous_0)
FN:18,(anonymous_1)
FN:21,(anonymous_2)
FN:25,(anonymous_3)
FN:31,(anonymous_4)
FN:35,(anonymous_5)
FN:42,(anonymous_6)
FNF:7
FNH:7
FNDA:6,(anonymous_0)
FNDA:5,(anonymous_1)
FNDA:9,(anonymous_2)
FNDA:2,(anonymous_3)
FNDA:2,(anonymous_4)
FNDA:5,(anonymous_5)
FNDA:18,(anonymous_6)
DA:13,6
DA:14,6
DA:21,6
DA:22,9
DA:25,6
DA:26,2
DA:27,2
DA:28,2
DA:31,6
DA:32,2
DA:35,6
DA:36,5
DA:37,5
DA:38,5
DA:43,18
DA:44,18
DA:45,18
DA:55,1
LF:18
LH:18
BRF:0
BRH:0
end_of_record
TN:
SF:/home/pencil4life/match/src/components/card/card.component.js
FN:9,(anonymous_0)
FN:16,(anonymous_1)
FN:18,(anonymous_2)
FN:20,(anonymous_3)
FN:24,(anonymous_4)
FN:27,(anonymous_5)
FN:31,(anonymous_6)
FN:44,(anonymous_7)
FN:49,(anonymous_8)
FN:65,(anonymous_9)
FN:66,(anonymous_10)
FN:67,(anonymous_11)
FN:68,(anonymous_12)
FNF:13
FNH:13
FNDA:107,(anonymous_0)
FNDA:16,(anonymous_1)
FNDA:5,(anonymous_2)
FNDA:106,(anonymous_3)
FNDA:80,(anonymous_4)
FNDA:107,(anonymous_5)
FNDA:237,(anonymous_6)
FNDA:5,(anonymous_7)
FNDA:346,(anonymous_8)
FNDA:1,(anonymous_9)
FNDA:1,(anonymous_10)
FNDA:1,(anonymous_11)
FNDA:1,(anonymous_12)
DA:10,107
DA:11,107
DA:16,107
DA:18,107
DA:20,107
DA:21,106
DA:24,107
DA:28,107
DA:32,237
DA:33,2
DA:34,2
DA:35,2
DA:37,237
DA:38,2
DA:39,2
DA:40,2
DA:45,5
DA:50,346
DA:51,346
DA:52,346
DA:60,3
DA:65,1
DA:66,1
DA:67,1
DA:68,1
LF:25
LH:25
BRDA:24,0,0,80
BRDA:24,0,1,80
BRDA:32,1,0,2
BRDA:32,1,1,235
BRDA:32,2,0,237
BRDA:32,2,1,4
BRDA:37,3,0,2
BRDA:37,3,1,235
BRDA:37,4,0,237
BRDA:37,4,1,233
BRDA:54,5,0,24
BRDA:54,5,1,322
BRF:12
BRH:12
end_of_record
TN:
SF:/home/pencil4life/match/src/components/card/card.functions.js
FN:4,(anonymous_0)
FN:13,(anonymous_1)
FN:22,(anonymous_2)
FNF:3
FNH:3
FNDA:15,(anonymous_0)
FNDA:8,(anonymous_1)
FNDA:83,(anonymous_2)
DA:3,4
DA:5,15
DA:6,13
DA:7,13
DA:8,13
DA:10,2
DA:14,8
DA:16,4
DA:18,4
DA:20,8
DA:23,83
DA:24,60
DA:25,23
DA:26,4
DA:28,83
LF:15
LH:15
BRDA:5,0,0,13
BRDA:5,0,1,2
BRDA:5,1,0,15
BRDA:5,1,1,15
BRDA:14,2,0,4
BRDA:14,2,1,4
BRDA:23,3,0,60
BRDA:23,3,1,23
BRDA:23,4,0,83
BRDA:23,4,1,68
BRDA:23,4,2,66
BRDA:23,4,3,64
BRDA:25,5,0,4
BRDA:25,5,1,19
BRF:14
BRH:14
end_of_record
TN:
SF:/home/pencil4life/match/src/components/click-outside/click-outside.component.js
FN:9,(anonymous_0)
FN:15,(anonymous_1)
FN:16,(anonymous_2)
FN:19,(anonymous_3)
FN:25,(anonymous_4)
FN:32,(anonymous_5)
FNF:6
FNH:6
FNDA:18,(anonymous_0)
FNDA:22,(anonymous_1)
FNDA:82,(anonymous_2)
FNDA:105,(anonymous_3)
FNDA:5,(anonymous_4)
FNDA:50,(anonymous_5)
DA:10,18
DA:11,18
DA:15,18
DA:16,82
DA:19,18
DA:20,105
DA:21,105
DA:22,105
DA:25,18
DA:26,5
DA:27,5
DA:28,5
DA:33,50
DA:34,50
DA:35,50
DA:39,50
DA:49,4
LF:17
LH:17
BRF:0
BRH:0
end_of_record
TN:
SF:/home/pencil4life/match/src/components/click-outside/click-outside.context.js
FN:3,(anonymous_0)
FN:4,(anonymous_1)
FNF:2
FNH:2
FNDA:1,(anonymous_0)
FNDA:1,(anonymous_1)
DA:2,5
DA:3,1
DA:4,1
LF:3
LH:3
BRF:0
BRH:0
end_of_record
TN:
SF:/home/pencil4life/match/src/components/click-outside/click-outside.functions.js
FN:3,(anonymous_0)
FN:7,(anonymous_1)
FN:15,(anonymous_2)
FNF:3
FNH:3
FNDA:232,(anonymous_0)
FNDA:108,(anonymous_1)
FNDA:9,(anonymous_2)
DA:3,232
DA:5,5
DA:8,108
DA:9,108
DA:10,2
DA:12,108
DA:13,108
DA:16,9
DA:17,9
DA:18,2
DA:20,7
DA:22,9
LF:12
LH:12
BRDA:9,0,0,2
BRDA:9,0,1,106
BRDA:17,1,0,2
BRDA:17,1,1,7
BRF:4
BRH:4
end_of_record
TN:
SF:/home/pencil4life/match/src/components/header/header.component.js
FN:7,(anonymous_0)
FN:13,(anonymous_1)
FN:31,(anonymous_2)
FN:32,(anonymous_3)
FNF:4
FNH:4
FNDA:14,(anonymous_0)
FNDA:26,(anonymous_1)
FNDA:1,(anonymous_2)
FNDA:1,(anonymous_3)
DA:8,14
DA:9,14
DA:14,26
DA:15,26
DA:30,2
LF:5
LH:5
BRF:0
BRH:0
end_of_record
TN:
SF:/home/pencil4life/match/src/components/match/match.component.js
FN:10,(anonymous_0)
FN:15,(anonymous_1)
FN:18,(anonymous_2)
FN:25,(anonymous_3)
FN:30,(anonymous_4)
FN:34,(anonymous_5)
FN:36,(anonymous_6)
FN:65,(anonymous_7)
FN:67,(anonymous_8)
FNF:9
FNH:9
FNDA:12,(anonymous_0)
FNDA:9,(anonymous_1)
FNDA:4,(anonymous_2)
FNDA:12,(anonymous_3)
FNDA:31,(anonymous_4)
FNDA:195,(anonymous_5)
FNDA:320,(anonymous_6)
FNDA:1,(anonymous_7)
FNDA:7,(anonymous_8)
DA:11,12
DA:12,12
DA:15,12
DA:16,9
DA:18,12
DA:19,4
DA:20,4
DA:21,4
DA:26,12
DA:27,12
DA:31,31
DA:32,31
DA:34,31
DA:35,195
DA:37,320
DA:47,320
DA:53,31
DA:63,2
LF:18
LH:18
BRF:0
BRH:0
end_of_record
TN:
SF:/home/pencil4life/match/src/components/match/match.functions.js
FN:4,(anonymous_0)
FNF:1
FNH:1
FNDA:11,(anonymous_0)
DA:3,3
DA:5,11
DA:6,4
DA:7,2
DA:8,2
DA:10,2
DA:11,2
DA:13,4
DA:15,7
DA:21,11
LF:10
LH:10
BRDA:5,0,0,4
BRDA:5,0,1,7
BRDA:6,1,0,2
BRDA:6,1,1,2
BRDA:6,2,0,4
BRDA:6,2,1,2
BRF:6
BRH:6
end_of_record
TN:
SF:/home/pencil4life/match/src/components/possiblematches/possiblematches.js
FNF:0
FNH:0
DA:1,2
LF:1
LH:1
BRF:0
BRH:0
end_of_record
